2021-11-03 21:55:04,416 281  [TestNG-tests-1] TRACE io.github.bonigarcia.wdm.Config - Property wdm.chromeDriverVersion not found in /webdrivermanager.properties, using default values (in /webdrivermanager.properties)
2021-11-03 21:55:04,422 287  [TestNG-tests-1] TRACE io.github.bonigarcia.wdm.Config - Property wdm.chromeDriverVersion not found in /webdrivermanager.properties, using blank value
2021-11-03 21:55:04,436 301  [TestNG-tests-1] TRACE io.github.bonigarcia.wdm.Config - Property wdm.proxy not found in /webdrivermanager.properties, using default values (in /webdrivermanager.properties)
2021-11-03 21:55:04,437 302  [TestNG-tests-1] TRACE io.github.bonigarcia.wdm.Config - Property wdm.proxy not found in /webdrivermanager.properties, using blank value
2021-11-03 21:55:04,445 310  [TestNG-tests-1] TRACE io.github.bonigarcia.wdm.Config - Property wdm.localRepositoryUser not found in /webdrivermanager.properties, using default values (in /webdrivermanager.properties)
2021-11-03 21:55:04,446 311  [TestNG-tests-1] TRACE io.github.bonigarcia.wdm.Config - Property wdm.localRepositoryUser not found in /webdrivermanager.properties, using blank value
2021-11-03 21:55:04,447 312  [TestNG-tests-1] TRACE io.github.bonigarcia.wdm.Config - Property wdm.localRepositoryPassword not found in /webdrivermanager.properties, using default values (in /webdrivermanager.properties)
2021-11-03 21:55:04,448 313  [TestNG-tests-1] TRACE io.github.bonigarcia.wdm.Config - Property wdm.localRepositoryPassword not found in /webdrivermanager.properties, using blank value
2021-11-03 21:55:04,814 679  [TestNG-tests-1] TRACE io.github.bonigarcia.wdm.WebDriverManager - Using preferences true
2021-11-03 21:55:04,815 680  [TestNG-tests-1] DEBUG io.github.bonigarcia.wdm.Preferences - Preference chrome=95 (valid until 2021-11-04 21:17:03)
2021-11-03 21:55:04,815 680  [TestNG-tests-1] TRACE io.github.bonigarcia.wdm.WebDriverManager - Detected Google Chrome version 95
2021-11-03 21:55:04,817 682  [TestNG-tests-1] TRACE io.github.bonigarcia.wdm.WebDriverManager - Using preferences true
2021-11-03 21:55:04,817 682  [TestNG-tests-1] DEBUG io.github.bonigarcia.wdm.Preferences - Preference chrome95=95.0.4638.54 (valid until 2021-11-04 21:17:03)
2021-11-03 21:55:04,818 683  [TestNG-tests-1] INFO  io.github.bonigarcia.wdm.WebDriverManager - Using chromedriver 95.0.4638.54 (since Google Chrome 95 is installed in your machine)
2021-11-03 21:55:04,818 683  [TestNG-tests-1] TRACE io.github.bonigarcia.wdm.WebDriverManager - Managing chromedriver arch=64 version=95.0.4638.54 getLatest=false cache=false
2021-11-03 21:55:04,818 683  [TestNG-tests-1] TRACE io.github.bonigarcia.wdm.WebDriverManager - Checking if chromedriver exists in cache
2021-11-03 21:55:04,819 684  [TestNG-tests-1] TRACE io.github.bonigarcia.wdm.Downloader - Target path C:\Users\sushmita/.m2/repository/webdriver
2021-11-03 21:55:04,829 694  [TestNG-tests-1] TRACE io.github.bonigarcia.wdm.WebDriverManager - Filter cache by chromedriver -- input list [C:\Users\sushmita\.m2\repository\webdriver\chromedriver\win32\91.0.4472.101\chromedriver.exe, C:\Users\sushmita\.m2\repository\webdriver\chromedriver\win32\92.0.4515.43\chromedriver.exe, C:\Users\sushmita\.m2\repository\webdriver\chromedriver\win32\95.0.4638.54\chromedriver.exe] -- output list [C:\Users\sushmita\.m2\repository\webdriver\chromedriver\win32\91.0.4472.101\chromedriver.exe, C:\Users\sushmita\.m2\repository\webdriver\chromedriver\win32\92.0.4515.43\chromedriver.exe, C:\Users\sushmita\.m2\repository\webdriver\chromedriver\win32\95.0.4638.54\chromedriver.exe] 
2021-11-03 21:55:04,830 695  [TestNG-tests-1] TRACE io.github.bonigarcia.wdm.WebDriverManager - Filter cache by 95.0.4638.54 -- input list [C:\Users\sushmita\.m2\repository\webdriver\chromedriver\win32\91.0.4472.101\chromedriver.exe, C:\Users\sushmita\.m2\repository\webdriver\chromedriver\win32\92.0.4515.43\chromedriver.exe, C:\Users\sushmita\.m2\repository\webdriver\chromedriver\win32\95.0.4638.54\chromedriver.exe] -- output list [C:\Users\sushmita\.m2\repository\webdriver\chromedriver\win32\95.0.4638.54\chromedriver.exe] 
2021-11-03 21:55:04,830 695  [TestNG-tests-1] TRACE io.github.bonigarcia.wdm.WebDriverManager - Filter cache by WIN -- input list [C:\Users\sushmita\.m2\repository\webdriver\chromedriver\win32\95.0.4638.54\chromedriver.exe] -- output list [C:\Users\sushmita\.m2\repository\webdriver\chromedriver\win32\95.0.4638.54\chromedriver.exe] 
2021-11-03 21:55:04,831 696  [TestNG-tests-1] TRACE io.github.bonigarcia.wdm.WebDriverManager - Using preferences true
2021-11-03 21:55:04,833 698  [TestNG-tests-1] TRACE io.github.bonigarcia.wdm.WebDriverManager - Using preferences true
2021-11-03 21:55:04,834 699  [TestNG-tests-1] DEBUG io.github.bonigarcia.wdm.WebDriverManager - Driver chromedriver 95.0.4638.54 found in cache
2021-11-03 21:55:04,836 701  [TestNG-tests-1] INFO  io.github.bonigarcia.wdm.WebDriverManager - Exporting webdriver.chrome.driver as C:\Users\sushmita\.m2\repository\webdriver\chromedriver\win32\95.0.4638.54\chromedriver.exe
