2021-11-03 21:38:47,715 394  [TestNG-tests-1] TRACE io.github.bonigarcia.wdm.Config - Property wdm.chromeDriverVersion not found in /webdrivermanager.properties, using default values (in /webdrivermanager.properties)
2021-11-03 21:38:47,720 399  [TestNG-tests-1] TRACE io.github.bonigarcia.wdm.Config - Property wdm.chromeDriverVersion not found in /webdrivermanager.properties, using blank value
2021-11-03 21:38:47,728 407  [TestNG-tests-1] TRACE io.github.bonigarcia.wdm.Config - Property wdm.proxy not found in /webdrivermanager.properties, using default values (in /webdrivermanager.properties)
2021-11-03 21:38:47,729 408  [TestNG-tests-1] TRACE io.github.bonigarcia.wdm.Config - Property wdm.proxy not found in /webdrivermanager.properties, using blank value
2021-11-03 21:38:47,731 410  [TestNG-tests-1] TRACE io.github.bonigarcia.wdm.Config - Property wdm.localRepositoryUser not found in /webdrivermanager.properties, using default values (in /webdrivermanager.properties)
2021-11-03 21:38:47,732 411  [TestNG-tests-1] TRACE io.github.bonigarcia.wdm.Config - Property wdm.localRepositoryUser not found in /webdrivermanager.properties, using blank value
2021-11-03 21:38:47,733 412  [TestNG-tests-1] TRACE io.github.bonigarcia.wdm.Config - Property wdm.localRepositoryPassword not found in /webdrivermanager.properties, using default values (in /webdrivermanager.properties)
2021-11-03 21:38:47,734 413  [TestNG-tests-1] TRACE io.github.bonigarcia.wdm.Config - Property wdm.localRepositoryPassword not found in /webdrivermanager.properties, using blank value
2021-11-03 21:38:48,095 774  [TestNG-tests-1] TRACE io.github.bonigarcia.wdm.WebDriverManager - Using preferences true
2021-11-03 21:38:48,097 776  [TestNG-tests-1] DEBUG io.github.bonigarcia.wdm.Preferences - Preference chrome=95 (valid until 2021-11-04 21:17:03)
2021-11-03 21:38:48,097 776  [TestNG-tests-1] TRACE io.github.bonigarcia.wdm.WebDriverManager - Detected Google Chrome version 95
2021-11-03 21:38:48,099 778  [TestNG-tests-1] TRACE io.github.bonigarcia.wdm.WebDriverManager - Using preferences true
2021-11-03 21:38:48,099 778  [TestNG-tests-1] DEBUG io.github.bonigarcia.wdm.Preferences - Preference chrome95=95.0.4638.54 (valid until 2021-11-04 21:17:03)
2021-11-03 21:38:48,100 779  [TestNG-tests-1] INFO  io.github.bonigarcia.wdm.WebDriverManager - Using chromedriver 95.0.4638.54 (since Google Chrome 95 is installed in your machine)
2021-11-03 21:38:48,100 779  [TestNG-tests-1] TRACE io.github.bonigarcia.wdm.WebDriverManager - Managing chromedriver arch=64 version=95.0.4638.54 getLatest=false cache=false
2021-11-03 21:38:48,101 780  [TestNG-tests-1] TRACE io.github.bonigarcia.wdm.WebDriverManager - Checking if chromedriver exists in cache
2021-11-03 21:38:48,102 781  [TestNG-tests-1] TRACE io.github.bonigarcia.wdm.Downloader - Target path C:\Users\sushmita/.m2/repository/webdriver
2021-11-03 21:38:48,118 797  [TestNG-tests-1] TRACE io.github.bonigarcia.wdm.WebDriverManager - Filter cache by chromedriver -- input list [C:\Users\sushmita\.m2\repository\webdriver\chromedriver\win32\91.0.4472.101\chromedriver.exe, C:\Users\sushmita\.m2\repository\webdriver\chromedriver\win32\92.0.4515.43\chromedriver.exe, C:\Users\sushmita\.m2\repository\webdriver\chromedriver\win32\95.0.4638.54\chromedriver.exe] -- output list [C:\Users\sushmita\.m2\repository\webdriver\chromedriver\win32\91.0.4472.101\chromedriver.exe, C:\Users\sushmita\.m2\repository\webdriver\chromedriver\win32\92.0.4515.43\chromedriver.exe, C:\Users\sushmita\.m2\repository\webdriver\chromedriver\win32\95.0.4638.54\chromedriver.exe] 
2021-11-03 21:38:48,119 798  [TestNG-tests-1] TRACE io.github.bonigarcia.wdm.WebDriverManager - Filter cache by 95.0.4638.54 -- input list [C:\Users\sushmita\.m2\repository\webdriver\chromedriver\win32\91.0.4472.101\chromedriver.exe, C:\Users\sushmita\.m2\repository\webdriver\chromedriver\win32\92.0.4515.43\chromedriver.exe, C:\Users\sushmita\.m2\repository\webdriver\chromedriver\win32\95.0.4638.54\chromedriver.exe] -- output list [C:\Users\sushmita\.m2\repository\webdriver\chromedriver\win32\95.0.4638.54\chromedriver.exe] 
2021-11-03 21:38:48,119 798  [TestNG-tests-1] TRACE io.github.bonigarcia.wdm.WebDriverManager - Filter cache by WIN -- input list [C:\Users\sushmita\.m2\repository\webdriver\chromedriver\win32\95.0.4638.54\chromedriver.exe] -- output list [C:\Users\sushmita\.m2\repository\webdriver\chromedriver\win32\95.0.4638.54\chromedriver.exe] 
2021-11-03 21:38:48,120 799  [TestNG-tests-1] TRACE io.github.bonigarcia.wdm.WebDriverManager - Using preferences true
2021-11-03 21:38:48,123 802  [TestNG-tests-1] TRACE io.github.bonigarcia.wdm.WebDriverManager - Using preferences true
2021-11-03 21:38:48,124 803  [TestNG-tests-1] DEBUG io.github.bonigarcia.wdm.WebDriverManager - Driver chromedriver 95.0.4638.54 found in cache
2021-11-03 21:38:48,125 804  [TestNG-tests-1] INFO  io.github.bonigarcia.wdm.WebDriverManager - Exporting webdriver.chrome.driver as C:\Users\sushmita\.m2\repository\webdriver\chromedriver\win32\95.0.4638.54\chromedriver.exe
