2021-11-03 21:53:49,138 319  [TestNG-tests-1] TRACE io.github.bonigarcia.wdm.Config - Property wdm.chromeDriverVersion not found in /webdrivermanager.properties, using default values (in /webdrivermanager.properties)
2021-11-03 21:53:49,144 325  [TestNG-tests-1] TRACE io.github.bonigarcia.wdm.Config - Property wdm.chromeDriverVersion not found in /webdrivermanager.properties, using blank value
2021-11-03 21:53:49,154 335  [TestNG-tests-1] TRACE io.github.bonigarcia.wdm.Config - Property wdm.proxy not found in /webdrivermanager.properties, using default values (in /webdrivermanager.properties)
2021-11-03 21:53:49,155 336  [TestNG-tests-1] TRACE io.github.bonigarcia.wdm.Config - Property wdm.proxy not found in /webdrivermanager.properties, using blank value
2021-11-03 21:53:49,158 339  [TestNG-tests-1] TRACE io.github.bonigarcia.wdm.Config - Property wdm.localRepositoryUser not found in /webdrivermanager.properties, using default values (in /webdrivermanager.properties)
2021-11-03 21:53:49,159 340  [TestNG-tests-1] TRACE io.github.bonigarcia.wdm.Config - Property wdm.localRepositoryUser not found in /webdrivermanager.properties, using blank value
2021-11-03 21:53:49,160 341  [TestNG-tests-1] TRACE io.github.bonigarcia.wdm.Config - Property wdm.localRepositoryPassword not found in /webdrivermanager.properties, using default values (in /webdrivermanager.properties)
2021-11-03 21:53:49,163 344  [TestNG-tests-1] TRACE io.github.bonigarcia.wdm.Config - Property wdm.localRepositoryPassword not found in /webdrivermanager.properties, using blank value
2021-11-03 21:53:49,513 694  [TestNG-tests-1] TRACE io.github.bonigarcia.wdm.WebDriverManager - Using preferences true
2021-11-03 21:53:49,514 695  [TestNG-tests-1] DEBUG io.github.bonigarcia.wdm.Preferences - Preference chrome=95 (valid until 2021-11-04 21:17:03)
2021-11-03 21:53:49,515 696  [TestNG-tests-1] TRACE io.github.bonigarcia.wdm.WebDriverManager - Detected Google Chrome version 95
2021-11-03 21:53:49,517 698  [TestNG-tests-1] TRACE io.github.bonigarcia.wdm.WebDriverManager - Using preferences true
2021-11-03 21:53:49,517 698  [TestNG-tests-1] DEBUG io.github.bonigarcia.wdm.Preferences - Preference chrome95=95.0.4638.54 (valid until 2021-11-04 21:17:03)
2021-11-03 21:53:49,518 699  [TestNG-tests-1] INFO  io.github.bonigarcia.wdm.WebDriverManager - Using chromedriver 95.0.4638.54 (since Google Chrome 95 is installed in your machine)
2021-11-03 21:53:49,518 699  [TestNG-tests-1] TRACE io.github.bonigarcia.wdm.WebDriverManager - Managing chromedriver arch=64 version=95.0.4638.54 getLatest=false cache=false
2021-11-03 21:53:49,518 699  [TestNG-tests-1] TRACE io.github.bonigarcia.wdm.WebDriverManager - Checking if chromedriver exists in cache
2021-11-03 21:53:49,519 700  [TestNG-tests-1] TRACE io.github.bonigarcia.wdm.Downloader - Target path C:\Users\sushmita/.m2/repository/webdriver
2021-11-03 21:53:49,532 713  [TestNG-tests-1] TRACE io.github.bonigarcia.wdm.WebDriverManager - Filter cache by chromedriver -- input list [C:\Users\sushmita\.m2\repository\webdriver\chromedriver\win32\91.0.4472.101\chromedriver.exe, C:\Users\sushmita\.m2\repository\webdriver\chromedriver\win32\92.0.4515.43\chromedriver.exe, C:\Users\sushmita\.m2\repository\webdriver\chromedriver\win32\95.0.4638.54\chromedriver.exe] -- output list [C:\Users\sushmita\.m2\repository\webdriver\chromedriver\win32\91.0.4472.101\chromedriver.exe, C:\Users\sushmita\.m2\repository\webdriver\chromedriver\win32\92.0.4515.43\chromedriver.exe, C:\Users\sushmita\.m2\repository\webdriver\chromedriver\win32\95.0.4638.54\chromedriver.exe] 
2021-11-03 21:53:49,533 714  [TestNG-tests-1] TRACE io.github.bonigarcia.wdm.WebDriverManager - Filter cache by 95.0.4638.54 -- input list [C:\Users\sushmita\.m2\repository\webdriver\chromedriver\win32\91.0.4472.101\chromedriver.exe, C:\Users\sushmita\.m2\repository\webdriver\chromedriver\win32\92.0.4515.43\chromedriver.exe, C:\Users\sushmita\.m2\repository\webdriver\chromedriver\win32\95.0.4638.54\chromedriver.exe] -- output list [C:\Users\sushmita\.m2\repository\webdriver\chromedriver\win32\95.0.4638.54\chromedriver.exe] 
2021-11-03 21:53:49,533 714  [TestNG-tests-1] TRACE io.github.bonigarcia.wdm.WebDriverManager - Filter cache by WIN -- input list [C:\Users\sushmita\.m2\repository\webdriver\chromedriver\win32\95.0.4638.54\chromedriver.exe] -- output list [C:\Users\sushmita\.m2\repository\webdriver\chromedriver\win32\95.0.4638.54\chromedriver.exe] 
2021-11-03 21:53:49,534 715  [TestNG-tests-1] TRACE io.github.bonigarcia.wdm.WebDriverManager - Using preferences true
2021-11-03 21:53:49,537 718  [TestNG-tests-1] TRACE io.github.bonigarcia.wdm.WebDriverManager - Using preferences true
2021-11-03 21:53:49,537 718  [TestNG-tests-1] DEBUG io.github.bonigarcia.wdm.WebDriverManager - Driver chromedriver 95.0.4638.54 found in cache
2021-11-03 21:53:49,539 720  [TestNG-tests-1] INFO  io.github.bonigarcia.wdm.WebDriverManager - Exporting webdriver.chrome.driver as C:\Users\sushmita\.m2\repository\webdriver\chromedriver\win32\95.0.4638.54\chromedriver.exe
